Traceback (most recent call last):
  File "C:\bcping\ping.py", line 112, in <module>
    monitor_ping(30)
  File "C:\bcping\ping.py", line 107, in monitor_ping
    time.sleep(sec)
KeyboardInterrupt
Traceback (most recent call last):
  File "C:\bcping\ping.py", line 112, in <module>
    monitor_ping(30)
  File "C:\bcping\ping.py", line 107, in monitor_ping
    time.sleep(sec)
KeyboardInterrupt
Traceback (most recent call last):
  File "C:\bcping\ping.py", line 112, in <module>
    
  File "C:\bcping\ping.py", line 107, in monitor_ping
    i['duration'] = str(datetime.timedelta(seconds=int(dt.timestamp()) - i['time']))  # Writes datetime readable for object dict > XML
KeyboardInterrupt
Traceback (most recent call last):
  File "C:\bcping\ping.py", line 116, in <module>
    monitor_ping(30)
  File "C:\bcping\ping.py", line 91, in monitor_ping
    r = ping(i['ip'], count=1)
  File "C:\bcping\pythonping\__init__.py", line 75, in ping
    comm.run(match_payloads=match)
  File "C:\bcping\pythonping\executor.py", line 333, in run
    self.responses.append(self.listen_for(identifier, self.timeout))
  File "C:\bcping\pythonping\executor.py", line 291, in listen_for
    raw_packet, source_socket, time_left = self.socket.receive(time_left)
  File "C:\bcping\pythonping\network.py", line 68, in receive
    data_ready = select.select([self.socket], [], [], time_left)
KeyboardInterrupt
09 13:52:29.802054Teague status changed to OFFLINE on 2021-06-09 13:52:34.052044Venus status changed to OFFLINE on 2021-06-09 13:53:44.802074Augusta Hwy status changed to OFFLINE on 2021-06-10 00:16:01.239577Augusta Hwy status changed to OFFLINE on 2021-06-10 00:46:49.927087Traceback (most recent call last):
  File "C:\bcping\ping.py", line 116, in <module>
    monitor_ping(30)
  File "C:\bcping\ping.py", line 91, in monitor_ping
    r = ping(i['ip'], count=1)
  File "C:\bcping\pythonping\__init__.py", line 75, in ping
    comm.run(match_payloads=match)
  File "C:\bcping\pythonping\executor.py", line 333, in run
    self.responses.append(self.listen_for(identifier, self.timeout))
  File "C:\bcping\pythonping\executor.py", line 291, in listen_for
    raw_packet, source_socket, time_left = self.socket.receive(time_left)
  File "C:\bcping\pythonping\network.py", line 68, in receive
    data_ready = select.select([self.socket], [], [], time_left)
KeyboardInterrupt
en Rose status changed to OFFLINE on 2021-06-12 21:41:13.271227Woodtrail status changed to OFFLINE on 2021-06-13 04:36:12.691552Tarrington status changed to OFFLINE on 2021-06-13 18:18:40.058471Green Rose status changed to OFFLINE on 2021-06-13 19:02:15.661816Comanchee status changed to OFFLINE on 2021-06-14 09:22:32.146151Old Saybrook status changed to OFFLINE on 2021-06-14 14:54:55.253604Pontiac status changed to OFFLINE on 2021-06-14 16:04:15.849317Woodlawn status changed to OFFLINE on 2021-06-14 20:48:01.724333Woodtrail status changed to OFFLINE on 2021-06-14 20:56:53.208694Woodlawn status changed to OFFLINE on 2021-06-14 22:02:09.802444Tarrington status changed to OFFLINE on 2021-06-15 03:36:52.082961Ida Two status changed to OFFLINE on 2021-06-15 04:54:21.269216Ida One status changed to OFFLINE on 2021-06-15 05:01:20.456736Blue Ridge status changed to OFFLINE on 2021-06-15 06:45:21.661880Ida Two status changed to OFFLINE on 2021-06-15 07:20:21.896295Ida Two status changed to OFFLINE on 2021-06-15 07:35:22.177447Peachtree status changed to OFFLINE on 2021-06-15 08:31:35.833673Ida Two status changed to OFFLINE on 2021-06-15 08:33:40.802471Traceback (most recent call last):
  File "C:\bcping\ping.py", line 116, in <module>
    monitor_ping(30)
  File "C:\bcping\ping.py", line 111, in monitor_ping
    time.sleep(sec)
KeyboardInterrupt
Traceback (most recent call last):
  File "C:\bcping\ping.py", line 99, in <module>
    monitor_ping(CHECK_INTERVAL)
  File "C:\bcping\ping.py", line 94, in monitor_ping
    time.sleep(sec)
KeyboardInterrupt
Traceback (most recent call last):
  File "C:\bcping\ping.py", line 101, in <module>
    time.sleep(sec)
  File "C:\bcping\ping.py", line 96, in monitor_ping
    write_db((i['name'], int(dt.timestamp()) - i['time'], i['attempt']), sql)  # Writes datetime as seconds for database
KeyboardInterrupt
Traceback (most recent call last):
  File "C:\bcping\ping.py", line 106, in <module>
    monitor_ping(CHECK_INTERVAL)
  File "C:\bcping\ping.py", line 101, in monitor_ping
    time.sleep(sec)
KeyboardInterrupt
Traceback (most recent call last):
  File "C:\bcping\ping.py", line 106, in <module>
    monitor_ping(CHECK_INTERVAL)
  File "C:\bcping\ping.py", line 101, in monitor_ping
    time.sleep(sec)
KeyboardInterrupt
